<?xml version="1.0" encoding="UTF-8"?>
<!-- Generated by org.testng.reporters.JUnitReportReporter -->
<testsuite hostname="LAKSHMAN-PC" name="testng.test" tests="1" failures="0" timestamp="21 Jan 2017 02:28:53 GMT" time="0.020" errors="0">
  <testcase name="testSample" time="0.020" classname="testng.test"/>
</testsuite> <!-- testng.test -->
